2019-04-17 00:23 出错
2019-04-17 00:24 出错
2019-04-17 00:25 添加成功 关于2015级本科生毕业论文答辩的通知
2019-04-17 00:25 添加成功 2019年大学生创新训练计划项目申报评审结果的公示
2019-04-17 00:25 添加成功 食品学院关于2016级开题答辩的相关通知
2019-04-17 00:25 添加成功 关于2019年上半年全国大学英语四、六级考试报名的通知
2019-04-17 00:25 添加成功 关于开展2019届本科毕业论文（设计）反抄袭检测工作的通知
2019-04-17 00:25 添加成功 关于开展2019年大学生创新训练计划项目申报工作的通知
2019-04-17 00:25 添加成功 2019年春季创新训练计划项目结题工作通知
2019-04-17 00:25 添加成功 2018-2019学年第二学期重修选课及已免修课程退课的通知
2019-04-17 00:25 添加成功 2018-2019学年第二学期课程免修的通知
2019-04-17 00:25 添加成功 关于雅安校区2020届毕业生核对确认本人基本信息的通知
2019-04-17 00:25 添加成功 关于雅安校区2020届毕业生图像采集工作安排的通知
2019-04-17 00:25 添加成功 关于本专科生数据信息核准和补录工作的紧急通知
2019-04-17 00:25 发送成功
2019-04-17 00:28 添加成功 关于开展中国食品科学技术学会2019年度李锦记杯学生创新大赛的通知
2019-04-17 00:28 添加成功 关于第五届“互联网+”大学生创新创业大赛院内初赛相关事宜的通知
2019-04-17 00:28 添加成功 关于2018-2019学年度（下）青年入团相关事宜的通知
2019-04-17 00:28 添加成功 食品学院2019年研招（统考）院内调剂拟录取公示(第二批次)
2019-04-17 00:28 添加成功  让改变发生，与“十优”同行，学院寝室评比结果公示
2019-04-17 00:28 添加成功 食品学院2019年硕士研究生（统考）院内调剂复试工作通知
2019-04-17 00:28 添加成功 食品学院2019年研招（统考）院内调剂拟录取公示
2019-04-17 00:28 添加成功 2018-2019年度团内表彰拟推（评）名单公示
2019-04-17 00:28 添加成功 关于开展2019年4月雅安校区创业补贴申报工作的通知
2019-04-17 00:28 添加成功 食品学院优秀青年志愿者拟推名单公示
2019-04-17 00:28 添加成功 关于开展第五届“互联网+”大学生创新创业大赛校内预选赛的通知
2019-04-17 00:28 添加成功 关于2019年第六届“萌番姬杯”国际大学生农业创新创业大赛的通知
2019-04-17 00:28 发送成功
2019-04-17 01:29 无最新消息
2019-04-17 01:30 无最新消息
2019-04-17 01:31 无最新消息
2019-04-17 01:32 无最新消息
2019-04-17 01:33 无最新消息
2019-04-17 01:34 无最新消息
2019-04-17 01:35 无最新消息
2019-04-17 01:36 无最新消息
2019-04-17 01:37 无最新消息
2019-04-17 01:38 无最新消息
2019-04-17 01:39 无最新消息
2019-04-17 01:46 无最新消息
2019-04-17 01:47 无最新消息
2019-04-17 01:48 无最新消息
2019-04-17 01:49 无最新消息
2019-04-17 01:50 无最新消息
2019-04-17 01:51 无最新消息
2019-04-17 01:52 无最新消息
2019-04-17 01:53 无最新消息
2019-04-17 01:54 无最新消息
2019-04-17 01:55 无最新消息
2019-04-17 01:56 无最新消息
2019-04-17 01:57 无最新消息
2019-04-17 01:58 无最新消息
2019-04-17 01:59 无最新消息
2019-04-17 02:00 无最新消息
2019-04-17 02:01 无最新消息
2019-04-17 02:02 无最新消息
2019-04-17 02:03 无最新消息
2019-04-17 02:04 无最新消息
2019-04-17 02:05 无最新消息
2019-04-17 02:06 无最新消息
2019-04-17 02:07 无最新消息
2019-04-17 02:08 无最新消息
2019-04-17 02:09 无最新消息
2019-04-17 02:10 无最新消息
2019-04-17 02:11 无最新消息
2019-04-17 02:12 无最新消息
2019-04-17 02:13 无最新消息
2019-04-17 02:14 无最新消息
2019-04-17 02:15 无最新消息
2019-04-17 02:16 无最新消息
2019-04-17 02:17 无最新消息
2019-04-17 02:18 无最新消息
2019-04-17 02:19 无最新消息
2019-04-17 02:20 无最新消息
2019-04-17 02:21 无最新消息
2019-04-17 02:22 无最新消息
2019-04-17 02:23 无最新消息
2019-04-17 02:24 无最新消息
2019-04-17 02:25 无最新消息
2019-04-17 02:26 无最新消息
2019-04-17 02:27 无最新消息
2019-04-17 02:28 无最新消息
2019-04-17 02:29 无最新消息
2019-04-17 02:30 无最新消息
2019-04-17 02:31 无最新消息
2019-04-17 02:32 无最新消息
2019-04-17 02:33 无最新消息
2019-04-17 02:34 无最新消息
2019-04-17 02:35 无最新消息
2019-04-17 02:36 无最新消息
2019-04-17 02:37 无最新消息
2019-04-17 02:38 无最新消息
2019-04-17 02:39 无最新消息
2019-04-17 02:40 无最新消息
2019-04-17 02:41 无最新消息
2019-04-17 02:42 无最新消息
2019-04-17 02:43 无最新消息
2019-04-17 02:44 无最新消息
2019-04-17 02:45 无最新消息
2019-04-17 02:46 无最新消息
2019-04-17 02:47 无最新消息
2019-04-17 02:48 无最新消息
2019-04-17 02:49 无最新消息
2019-04-17 02:50 无最新消息
2019-04-17 02:51 无最新消息
2019-04-17 02:52 无最新消息
2019-04-17 02:53 无最新消息
2019-04-17 02:54 无最新消息
2019-04-17 02:55 无最新消息
2019-04-17 02:56 无最新消息
2019-04-17 02:57 无最新消息
2019-04-17 02:58 无最新消息
2019-04-17 02:59 无最新消息
2019-04-17 03:00 无最新消息
2019-04-17 03:01 无最新消息
2019-04-17 03:02 无最新消息
2019-04-17 03:03 无最新消息
2019-04-17 03:04 无最新消息
2019-04-17 03:05 无最新消息
2019-04-17 03:06 无最新消息
2019-04-17 03:07 无最新消息
2019-04-17 03:08 无最新消息
2019-04-17 03:09 无最新消息
2019-04-17 03:10 无最新消息
2019-04-17 03:11 无最新消息
2019-04-17 03:12 无最新消息
2019-04-17 03:13 无最新消息
2019-04-17 03:14 无最新消息
2019-04-17 03:15 无最新消息
2019-04-17 03:16 无最新消息
2019-04-17 03:17 无最新消息
2019-04-17 03:18 无最新消息
2019-04-17 03:19 无最新消息
2019-04-17 03:20 无最新消息
2019-04-17 03:21 无最新消息
2019-04-17 03:22 无最新消息
2019-04-17 03:23 无最新消息
2019-04-17 03:24 无最新消息
2019-04-17 03:25 无最新消息
2019-04-17 03:26 无最新消息
2019-04-17 03:27 无最新消息
2019-04-17 03:28 无最新消息
2019-04-17 03:29 无最新消息
2019-04-17 03:30 无最新消息
2019-04-17 03:31 无最新消息
2019-04-17 03:32 无最新消息
2019-04-17 03:34 无最新消息
2019-04-17 03:35 无最新消息
2019-04-17 03:36 无最新消息
2019-04-17 03:37 无最新消息
2019-04-17 03:38 无最新消息
2019-04-17 03:39 无最新消息
2019-04-17 03:40 无最新消息
2019-04-17 03:41 无最新消息
2019-04-17 03:42 无最新消息
2019-04-17 03:43 无最新消息
2019-04-17 03:44 无最新消息
2019-04-17 03:45 无最新消息
2019-04-17 03:46 无最新消息
2019-04-17 03:47 无最新消息
2019-04-17 03:48 无最新消息
2019-04-17 03:49 无最新消息
2019-04-17 03:50 无最新消息
2019-04-17 03:51 无最新消息
2019-04-17 03:52 无最新消息
2019-04-17 03:53 无最新消息
2019-04-17 03:55 无最新消息
2019-04-17 03:56 无最新消息
2019-04-17 03:57 无最新消息
2019-04-17 03:58 无最新消息
2019-04-17 03:59 无最新消息
2019-04-17 04:00 无最新消息
2019-04-17 04:01 无最新消息
2019-04-17 04:02 无最新消息
2019-04-17 04:03 无最新消息
2019-04-17 04:04 无最新消息
2019-04-17 04:05 无最新消息
2019-04-17 04:06 无最新消息
2019-04-17 04:07 无最新消息
2019-04-17 04:08 无最新消息
2019-04-17 04:09 无最新消息
2019-04-17 04:10 无最新消息
2019-04-17 04:11 无最新消息
2019-04-17 04:12 无最新消息
2019-04-17 04:13 无最新消息
2019-04-17 04:14 无最新消息
2019-04-17 04:15 无最新消息
2019-04-17 04:16 无最新消息
2019-04-17 04:17 无最新消息
2019-04-17 04:18 无最新消息
2019-04-17 04:19 无最新消息
2019-04-17 04:20 无最新消息
2019-04-17 04:21 无最新消息
2019-04-17 04:22 无最新消息
2019-04-17 04:23 无最新消息
2019-04-17 04:24 无最新消息
2019-04-17 04:25 无最新消息
2019-04-17 04:26 无最新消息
2019-04-17 04:27 无最新消息
2019-04-17 04:28 无最新消息
2019-04-17 04:29 无最新消息
2019-04-17 04:30 无最新消息
2019-04-17 04:31 无最新消息
2019-04-17 04:32 无最新消息
2019-04-17 04:33 无最新消息
2019-04-17 04:34 无最新消息
2019-04-17 04:35 无最新消息
2019-04-17 04:36 无最新消息
2019-04-17 04:37 无最新消息
2019-04-17 04:38 无最新消息
2019-04-17 04:39 无最新消息
2019-04-17 04:40 无最新消息
2019-04-17 04:41 无最新消息
2019-04-17 04:42 无最新消息
2019-04-17 04:44 无最新消息
2019-04-17 04:45 无最新消息
2019-04-17 04:48 无最新消息
2019-04-17 04:48 无最新消息
2019-04-17 04:49 无最新消息
2019-04-17 04:50 无最新消息
2019-04-17 04:51 无最新消息
2019-04-17 04:52 无最新消息
2019-04-17 04:53 无最新消息
2019-04-17 04:54 无最新消息
2019-04-17 04:55 无最新消息
2019-04-17 04:56 无最新消息
2019-04-17 04:57 无最新消息
2019-04-17 04:58 无最新消息
2019-04-17 04:59 无最新消息
2019-04-17 05:00 无最新消息
2019-04-17 05:01 无最新消息
2019-04-17 05:02 无最新消息
2019-04-17 05:03 无最新消息
2019-04-17 05:04 无最新消息
2019-04-17 05:05 无最新消息
2019-04-17 05:06 无最新消息
2019-04-17 05:07 无最新消息
2019-04-17 05:08 无最新消息
2019-04-17 05:09 无最新消息
2019-04-17 05:10 无最新消息
2019-04-17 05:11 无最新消息
2019-04-17 05:12 无最新消息
2019-04-17 05:13 无最新消息
2019-04-17 05:14 无最新消息
2019-04-17 05:15 无最新消息
2019-04-17 05:16 无最新消息
2019-04-17 05:17 无最新消息
2019-04-17 05:18 无最新消息
2019-04-17 05:19 无最新消息
2019-04-17 05:20 无最新消息
2019-04-17 05:21 无最新消息
2019-04-17 05:22 无最新消息
2019-04-17 05:23 无最新消息
2019-04-17 05:24 无最新消息
2019-04-17 05:25 无最新消息
2019-04-17 05:26 无最新消息
2019-04-17 05:27 无最新消息
2019-04-17 05:28 无最新消息
2019-04-17 05:29 无最新消息
2019-04-17 05:30 无最新消息
2019-04-17 05:31 无最新消息
2019-04-17 05:32 无最新消息
2019-04-17 05:33 无最新消息
2019-04-17 05:34 无最新消息
2019-04-17 05:35 无最新消息
2019-04-17 05:36 无最新消息
2019-04-17 05:37 无最新消息
2019-04-17 05:38 无最新消息
2019-04-17 05:39 无最新消息
2019-04-17 05:40 无最新消息
2019-04-17 05:41 无最新消息
2019-04-17 05:42 无最新消息
2019-04-17 05:43 无最新消息
2019-04-17 05:44 无最新消息
2019-04-17 05:45 无最新消息
2019-04-17 05:46 无最新消息
2019-04-17 05:47 无最新消息
2019-04-17 05:48 无最新消息
2019-04-17 05:49 无最新消息
2019-04-17 05:50 无最新消息
2019-04-17 05:51 无最新消息
2019-04-17 05:52 无最新消息
2019-04-17 05:53 无最新消息
2019-04-17 05:54 无最新消息
2019-04-17 05:55 无最新消息
2019-04-17 05:56 无最新消息
2019-04-17 05:57 无最新消息
2019-04-17 05:58 无最新消息
2019-04-17 05:59 无最新消息
2019-04-17 06:00 无最新消息
2019-04-17 06:01 无最新消息
2019-04-17 06:02 无最新消息
2019-04-17 06:03 无最新消息
2019-04-17 06:04 无最新消息
2019-04-17 06:05 无最新消息
2019-04-17 06:06 无最新消息
2019-04-17 06:07 无最新消息
2019-04-17 06:08 无最新消息
2019-04-17 06:09 无最新消息
2019-04-17 06:10 无最新消息
2019-04-17 06:11 无最新消息
2019-04-17 06:12 无最新消息
2019-04-17 06:13 无最新消息
2019-04-17 06:14 无最新消息
2019-04-17 06:15 无最新消息
2019-04-17 06:16 无最新消息
2019-04-17 06:17 无最新消息
2019-04-17 06:18 无最新消息
2019-04-17 06:19 无最新消息
2019-04-17 06:20 无最新消息
2019-04-17 06:21 无最新消息
2019-04-17 06:22 无最新消息
2019-04-17 06:23 无最新消息
2019-04-17 06:24 无最新消息
2019-04-17 06:25 无最新消息
2019-04-17 06:26 无最新消息
2019-04-17 06:27 无最新消息
2019-04-17 06:28 无最新消息
2019-04-17 06:29 无最新消息
2019-04-17 06:30 无最新消息
2019-04-17 06:31 无最新消息
2019-04-17 06:32 无最新消息
2019-04-17 06:33 无最新消息
2019-04-17 06:34 无最新消息
2019-04-17 06:35 无最新消息
2019-04-17 06:36 无最新消息
2019-04-17 06:37 无最新消息
2019-04-17 06:38 无最新消息
2019-04-17 06:39 无最新消息
2019-04-17 06:40 无最新消息
2019-04-17 06:41 无最新消息
2019-04-17 06:42 无最新消息
2019-04-17 06:43 无最新消息
2019-04-17 06:44 无最新消息
2019-04-17 06:45 无最新消息
2019-04-17 06:46 无最新消息
2019-04-17 06:47 无最新消息
2019-04-17 06:48 无最新消息
2019-04-17 06:49 无最新消息
2019-04-17 06:50 无最新消息
2019-04-17 06:51 无最新消息
2019-04-17 06:52 无最新消息
2019-04-17 06:53 无最新消息
2019-04-17 06:54 无最新消息
2019-04-17 06:55 无最新消息
2019-04-17 06:56 无最新消息
2019-04-17 06:57 无最新消息
2019-04-17 06:58 无最新消息
2019-04-17 06:59 无最新消息
2019-04-17 07:00 无最新消息
2019-04-17 07:01 无最新消息
2019-04-17 07:02 无最新消息
2019-04-17 07:03 无最新消息
2019-04-17 07:04 无最新消息
2019-04-17 07:05 无最新消息
2019-04-17 07:06 无最新消息
2019-04-17 07:07 无最新消息
2019-04-17 07:08 无最新消息
2019-04-17 07:09 无最新消息
2019-04-17 07:10 无最新消息
2019-04-17 07:11 无最新消息
2019-04-17 07:12 无最新消息
2019-04-17 07:13 无最新消息
2019-04-17 07:14 无最新消息
2019-04-17 07:15 无最新消息
2019-04-17 07:16 无最新消息
2019-04-17 07:17 无最新消息
2019-04-17 07:18 无最新消息
2019-04-17 07:19 无最新消息
2019-04-17 07:20 无最新消息
2019-04-17 07:21 无最新消息
2019-04-17 07:22 无最新消息
2019-04-17 07:23 无最新消息
2019-04-17 07:24 无最新消息
2019-04-17 07:25 无最新消息
2019-04-17 07:26 无最新消息
2019-04-17 07:27 无最新消息
2019-04-17 07:28 无最新消息
2019-04-17 07:29 无最新消息
2019-04-17 07:30 无最新消息
2019-04-17 07:31 无最新消息
2019-04-17 07:32 无最新消息
2019-04-17 07:33 无最新消息
2019-04-17 07:34 无最新消息
2019-04-17 07:35 无最新消息
2019-04-17 07:36 无最新消息
2019-04-17 07:37 无最新消息
2019-04-17 07:38 无最新消息
2019-04-17 07:39 无最新消息
2019-04-17 07:40 无最新消息
2019-04-17 07:41 无最新消息
2019-04-17 07:42 无最新消息
2019-04-17 07:43 无最新消息
2019-04-17 07:44 无最新消息
2019-04-17 07:45 无最新消息
2019-04-17 07:46 无最新消息
2019-04-17 07:47 无最新消息
2019-04-17 07:48 无最新消息
2019-04-17 07:49 无最新消息
2019-04-17 07:50 无最新消息
2019-04-17 07:51 无最新消息
2019-04-17 07:52 无最新消息
2019-04-17 07:53 无最新消息
2019-04-17 07:54 无最新消息
2019-04-17 07:55 无最新消息
2019-04-17 07:56 无最新消息
2019-04-17 07:57 无最新消息
2019-04-17 07:58 无最新消息
2019-04-17 07:59 无最新消息
2019-04-17 08:00 无最新消息
2019-04-17 08:01 无最新消息
2019-04-17 08:02 无最新消息
2019-04-17 08:03 无最新消息
2019-04-17 08:04 无最新消息
2019-04-17 08:05 无最新消息
2019-04-17 08:06 无最新消息
2019-04-17 08:07 无最新消息
2019-04-17 08:08 无最新消息
2019-04-17 08:09 无最新消息
2019-04-17 08:10 无最新消息
2019-04-17 08:11 无最新消息
2019-04-17 08:12 无最新消息
2019-04-17 08:13 无最新消息
2019-04-17 08:14 无最新消息
2019-04-17 08:15 无最新消息
2019-04-17 08:16 无最新消息
2019-04-17 08:17 无最新消息
2019-04-17 08:18 无最新消息
2019-04-17 08:19 无最新消息
2019-04-17 08:20 无最新消息
2019-04-17 08:21 无最新消息
2019-04-17 08:22 无最新消息
2019-04-17 08:23 无最新消息
2019-04-17 08:24 无最新消息
2019-04-17 08:25 无最新消息
2019-04-17 08:26 无最新消息
2019-04-17 08:27 无最新消息
2019-04-17 08:28 无最新消息
2019-04-17 08:29 无最新消息
2019-04-17 08:31 无最新消息
2019-04-17 08:32 无最新消息
2019-04-17 08:33 无最新消息
2019-04-17 08:34 无最新消息
2019-04-17 08:35 无最新消息
2019-04-17 08:36 无最新消息
2019-04-17 08:37 无最新消息
2019-04-17 08:38 无最新消息
2019-04-17 08:39 无最新消息
2019-04-17 08:40 无最新消息
2019-04-17 08:41 无最新消息
2019-04-17 08:42 无最新消息
2019-04-17 08:43 无最新消息
2019-04-17 08:44 无最新消息
2019-04-17 08:45 无最新消息
2019-04-17 08:46 无最新消息
2019-04-17 08:47 无最新消息
2019-04-17 08:48 无最新消息
2019-04-17 08:49 无最新消息
2019-04-17 08:50 无最新消息
2019-04-17 08:51 无最新消息
2019-04-17 08:52 无最新消息
2019-04-17 08:53 无最新消息
2019-04-17 08:54 无最新消息
2019-04-17 08:55 无最新消息
2019-04-17 08:56 无最新消息
2019-04-17 08:57 无最新消息
2019-04-17 08:58 无最新消息
2019-04-17 08:59 无最新消息
2019-04-17 09:00 无最新消息
2019-04-17 09:01 无最新消息
2019-04-17 09:02 无最新消息
2019-04-17 09:03 无最新消息
2019-04-17 09:04 无最新消息
2019-04-17 09:05 无最新消息
2019-04-17 09:06 无最新消息
2019-04-17 09:07 无最新消息
2019-04-17 09:08 无最新消息
2019-04-17 09:09 无最新消息
2019-04-17 09:10 无最新消息
2019-04-17 09:11 无最新消息
2019-04-17 09:12 无最新消息
2019-04-17 09:13 无最新消息
2019-04-17 09:14 无最新消息
2019-04-17 09:15 无最新消息
2019-04-17 09:16 无最新消息
2019-04-17 09:17 无最新消息
2019-04-17 09:18 无最新消息
2019-04-17 09:19 无最新消息
2019-04-17 09:20 无最新消息
2019-04-17 09:21 无最新消息
2019-04-17 09:22 无最新消息
2019-04-17 09:23 无最新消息
2019-04-17 09:24 无最新消息
2019-04-17 09:25 无最新消息
2019-04-17 09:26 无最新消息
2019-04-17 09:27 无最新消息
2019-04-17 09:28 无最新消息
2019-04-17 09:29 无最新消息
2019-04-17 09:30 无最新消息
2019-04-17 09:31 无最新消息
2019-04-17 09:32 无最新消息
2019-04-17 09:33 无最新消息
2019-04-17 09:34 无最新消息
2019-04-17 09:35 无最新消息
2019-04-17 09:37 无最新消息
2019-04-17 09:38 无最新消息
2019-04-17 09:39 无最新消息
2019-04-17 09:40 无最新消息
2019-04-17 09:41 无最新消息
2019-04-17 09:42 无最新消息
2019-04-17 09:44 无最新消息
2019-04-17 09:45 无最新消息
2019-04-17 09:46 无最新消息
2019-04-17 09:47 无最新消息
2019-04-17 09:48 无最新消息
2019-04-17 09:49 无最新消息
2019-04-17 09:50 无最新消息
2019-04-17 09:51 无最新消息
2019-04-17 09:52 无最新消息
2019-04-17 09:53 无最新消息
2019-04-17 09:54 无最新消息
2019-04-17 09:55 无最新消息
2019-04-17 09:56 无最新消息
2019-04-17 09:57 无最新消息
2019-04-17 09:58 无最新消息
2019-04-17 09:59 无最新消息
2019-04-17 10:00 无最新消息
2019-04-17 10:01 无最新消息
2019-04-17 10:02 无最新消息
2019-04-17 10:03 无最新消息
2019-04-17 10:04 无最新消息
2019-04-17 10:05 无最新消息
2019-04-17 10:06 无最新消息
2019-04-17 10:07 无最新消息
2019-04-17 10:08 无最新消息
2019-04-17 10:09 无最新消息
2019-04-17 10:10 无最新消息
2019-04-17 10:11 无最新消息
2019-04-17 10:12 无最新消息
2019-04-17 10:13 无最新消息
2019-04-17 10:14 无最新消息
2019-04-17 10:15 无最新消息
2019-04-17 10:16 无最新消息
2019-04-17 10:17 无最新消息
2019-04-17 10:18 无最新消息
2019-04-17 10:19 无最新消息
2019-04-17 10:20 无最新消息
2019-04-17 10:21 无最新消息
2019-04-17 10:22 无最新消息
2019-04-17 10:23 无最新消息
2019-04-17 10:24 无最新消息
2019-04-17 10:25 无最新消息
2019-04-17 10:26 无最新消息
2019-04-17 10:27 无最新消息
2019-04-17 10:28 无最新消息
2019-04-17 10:29 无最新消息
2019-04-17 10:30 无最新消息
2019-04-17 10:31 无最新消息
2019-04-17 10:32 无最新消息
2019-04-17 10:33 无最新消息
2019-04-17 10:34 无最新消息
2019-04-17 10:35 无最新消息
2019-04-17 10:36 无最新消息
2019-04-17 10:37 无最新消息
2019-04-17 10:38 无最新消息
2019-04-17 10:39 无最新消息
2019-04-17 10:40 无最新消息
2019-04-17 10:41 无最新消息
2019-04-17 10:42 无最新消息
2019-04-17 10:43 无最新消息
2019-04-17 10:44 无最新消息
2019-04-17 10:45 无最新消息
2019-04-17 10:46 无最新消息
2019-04-17 10:47 无最新消息
2019-04-17 10:48 无最新消息
2019-04-17 10:49 无最新消息
2019-04-17 10:50 无最新消息
2019-04-17 10:51 无最新消息
2019-04-17 10:52 无最新消息
2019-04-17 10:53 无最新消息
2019-04-17 10:54 无最新消息
2019-04-17 10:55 无最新消息
2019-04-17 10:56 无最新消息
2019-04-17 10:57 无最新消息
2019-04-17 10:58 无最新消息
2019-04-17 10:59 无最新消息
2019-04-17 11:00 无最新消息
2019-04-17 11:01 无最新消息
2019-04-17 11:02 无最新消息
2019-04-17 11:03 无最新消息
2019-04-17 11:04 无最新消息
2019-04-17 11:05 无最新消息
2019-04-17 11:06 无最新消息
2019-04-17 11:07 无最新消息
2019-04-17 11:08 无最新消息
2019-04-17 11:09 无最新消息
2019-04-17 11:10 无最新消息
2019-04-17 11:11 无最新消息
2019-04-17 11:12 无最新消息
2019-04-17 11:13 无最新消息
2019-04-17 11:14 无最新消息
2019-04-17 11:15 无最新消息
2019-04-17 11:16 无最新消息
2019-04-17 11:17 无最新消息
2019-04-17 11:18 无最新消息
2019-04-17 11:19 无最新消息
2019-04-17 11:20 无最新消息
2019-04-17 11:21 无最新消息
2019-04-17 11:22 无最新消息
2019-04-17 11:23 无最新消息
2019-04-17 11:24 无最新消息
2019-04-17 11:26 无最新消息
2019-04-17 11:27 无最新消息
2019-04-17 11:28 无最新消息
2019-04-17 11:29 无最新消息
2019-04-17 11:30 无最新消息
2019-04-17 11:31 无最新消息
2019-04-17 11:32 无最新消息
2019-04-17 11:33 无最新消息
2019-04-17 11:34 无最新消息
2019-04-17 11:35 无最新消息
2019-04-17 11:36 无最新消息
2019-04-17 11:37 无最新消息
2019-04-17 11:38 无最新消息
2019-04-17 11:39 无最新消息
2019-04-17 11:40 无最新消息
2019-04-17 11:41 无最新消息
2019-04-17 11:42 无最新消息
2019-04-17 11:43 无最新消息
2019-04-17 11:44 无最新消息
2019-04-17 11:45 无最新消息
2019-04-17 11:46 无最新消息
2019-04-17 11:47 无最新消息
2019-04-17 11:48 无最新消息
2019-04-17 11:49 无最新消息
2019-04-17 11:50 无最新消息
2019-04-17 11:51 无最新消息
2019-04-17 11:52 无最新消息
2019-04-17 11:53 无最新消息
2019-04-17 11:54 无最新消息
2019-04-17 11:56 无最新消息
2019-04-17 11:57 无最新消息
2019-04-17 11:58 无最新消息
2019-04-17 11:59 无最新消息
