2019-04-17 00:31 添加成功 关于2015级本科生毕业论文答辩的通知
2019-04-17 00:31 添加成功 2019年大学生创新训练计划项目申报评审结果的公示
2019-04-17 00:31 添加成功 食品学院关于2016级开题答辩的相关通知
2019-04-17 00:31 添加成功 关于2019年上半年全国大学英语四、六级考试报名的通知
2019-04-17 00:31 添加成功 关于开展2019届本科毕业论文（设计）反抄袭检测工作的通知
2019-04-17 00:31 添加成功 关于开展2019年大学生创新训练计划项目申报工作的通知
2019-04-17 00:31 添加成功 2019年春季创新训练计划项目结题工作通知
2019-04-17 00:31 添加成功 2018-2019学年第二学期重修选课及已免修课程退课的通知
2019-04-17 00:31 添加成功 2018-2019学年第二学期课程免修的通知
2019-04-17 00:31 添加成功 关于雅安校区2020届毕业生核对确认本人基本信息的通知
2019-04-17 00:31 添加成功 关于雅安校区2020届毕业生图像采集工作安排的通知
2019-04-17 00:31 添加成功 关于本专科生数据信息核准和补录工作的紧急通知
2019-04-17 00:31 发送成功
2019-04-17 01:29 无最新消息
2019-04-17 01:30 无最新消息
2019-04-17 01:31 无最新消息
2019-04-17 01:32 无最新消息
2019-04-17 01:33 无最新消息
2019-04-17 01:34 无最新消息
2019-04-17 01:35 无最新消息
2019-04-17 01:36 无最新消息
